<?xml version="1.0" encoding="UTF-8"?>
<!-- Generated by org.testng.reporters.JUnitXMLReporter -->
<testsuite ignored="0" hostname="DESKTOP-EU5VLQQ" failures="0" tests="2" name="Test" time="3.956" errors="0" timestamp="10 Jun 2021 18:05:34 GMT">
  <testcase classname="generics.Basetest" name="@BeforeClass OpenBrowser" time="2.409">
    <failure type="org.openqa.selenium.SessionNotCreatedException" message="session not created: This version of ChromeDriver only supports Chrome version 88
Current browser version is 91.0.4472.77 with binary path C:\Program Files\Google\Chrome\Application\chrome.exe
Build info: version: &amp;apos;3.11.0&amp;apos;, revision: &amp;apos;e59cfb3&amp;apos;, time: &amp;apos;2018-03-11T20:33:15.31Z&amp;apos;
System info: host: &amp;apos;DESKTOP-EU5VLQQ&amp;apos;, ip: &amp;apos;192.168.29.73&amp;apos;, os.name: &amp;apos;Windows 10&amp;apos;, os.arch: &amp;apos;amd64&amp;apos;, os.version: &amp;apos;10.0&amp;apos;, java.version: &amp;apos;15.0.2&amp;apos;
Driver info: driver.version: ChromeDriver
remote stacktrace: Backtrace:
	GetHandleVerifier [0x007BB963+483]
	GetHandleVerifier [0x007BB941+449]
	GetHandleVerifier [0x00B63308+3832712]
	GetHandleVerifier [0x00B7D69A+3940122]
	GetHandleVerifier [0x00B79AFB+3924859]
	GetHandleVerifier [0x00B77D9C+3917340]
	GetHandleVerifier [0x00B9E7FE+4075646]
	GetHandleVerifier [0x00B9E56C+4074988]
	GetHandleVerifier [0x00B9B2EB+4062059]
	GetHandleVerifier [0x00B7ED14+3945876]
	GetHandleVerifier [0x00B7FBCE+3949646]
	GetHandleVerifier [0x00B7FB59+3949529]
	Ordinal0 [0x0077B5CC+46540]
	Ordinal0 [0x00779F53+40787]
	Ordinal0 [0x00779B12+39698]
	GetHandleVerifier [0x00A81468+2907368]
	GetHandleVerifier [0x008C71EE+1096302]
	GetHandleVerifier [0x00883E8D+821005]
	GetHandleVerifier [0x0088396B+819691]
	GetHandleVerifier [0x00883881+819457]
	GetHandleVerifier [0x008AF463+998627]
	BaseThreadInitThunk [0x76AEFA29+25]
	RtlGetAppContainerNamedObjectPath [0x77BB7A7E+286]
	RtlGetAppContainerNamedObjectPath [0x77BB7A4E+238]
">
      <![CDATA[org.openqa.selenium.SessionNotCreatedException: session not created: This version of ChromeDriver only supports Chrome version 88
Current browser version is 91.0.4472.77 with binary path C:\Program Files\Google\Chrome\Application\chrome.exe
Build info: version: '3.11.0', revision: 'e59cfb3', time: '2018-03-11T20:33:15.31Z'
System info: host: 'DESKTOP-EU5VLQQ', ip: '192.168.29.73', os.name: 'Windows 10', os.arch: 'amd64', os.version: '10.0', java.version: '15.0.2'
Driver info: driver.version: ChromeDriver
remote stacktrace: Backtrace:
GetHandleVerifier [0x007BB963+483]
GetHandleVerifier [0x007BB941+449]
GetHandleVerifier [0x00B63308+3832712]
GetHandleVerifier [0x00B7D69A+3940122]
GetHandleVerifier [0x00B79AFB+3924859]
GetHandleVerifier [0x00B77D9C+3917340]
GetHandleVerifier [0x00B9E7FE+4075646]
GetHandleVerifier [0x00B9E56C+4074988]
GetHandleVerifier [0x00B9B2EB+4062059]
GetHandleVerifier [0x00B7ED14+3945876]
GetHandleVerifier [0x00B7FBCE+3949646]
GetHandleVerifier [0x00B7FB59+3949529]
Ordinal0 [0x0077B5CC+46540]
Ordinal0 [0x00779F53+40787]
Ordinal0 [0x00779B12+39698]
GetHandleVerifier [0x00A81468+2907368]
GetHandleVerifier [0x008C71EE+1096302]
GetHandleVerifier [0x00883E8D+821005]
GetHandleVerifier [0x0088396B+819691]
GetHandleVerifier [0x00883881+819457]
GetHandleVerifier [0x008AF463+998627]
BaseThreadInitThunk [0x76AEFA29+25]
RtlGetAppContainerNamedObjectPath [0x77BB7A7E+286]
RtlGetAppContainerNamedObjectPath [0x77BB7A4E+238]

at org.openqa.selenium.remote.W3CHandshakeResponse.lambda$new$0(W3CHandshakeResponse.java:57)
at org.openqa.selenium.remote.W3CHandshakeResponse.lambda$getResponseFunction$2(W3CHandshakeResponse.java:104)
at org.openqa.selenium.remote.ProtocolHandshake.lambda$createSession$0(ProtocolHandshake.java:123)
at java.base/java.util.stream.ReferencePipeline$3$1.accept(ReferencePipeline.java:195)
at java.base/java.util.Spliterators$ArraySpliterator.tryAdvance(Spliterators.java:958)
at java.base/java.util.stream.ReferencePipeline.forEachWithCancel(ReferencePipeline.java:127)
at java.base/java.util.stream.AbstractPipeline.copyIntoWithCancel(AbstractPipeline.java:502)
at java.base/java.util.stream.AbstractPipeline.copyInto(AbstractPipeline.java:488)
at java.base/java.util.stream.AbstractPipeline.wrapAndCopyInto(AbstractPipeline.java:474)
at java.base/java.util.stream.FindOps$FindOp.evaluateSequential(FindOps.java:150)
at java.base/java.util.stream.AbstractPipeline.evaluate(AbstractPipeline.java:234)
at java.base/java.util.stream.ReferencePipeline.findFirst(ReferencePipeline.java:543)
at org.openqa.selenium.remote.ProtocolHandshake.createSession(ProtocolHandshake.java:126)
at org.openqa.selenium.remote.ProtocolHandshake.createSession(ProtocolHandshake.java:73)
at org.openqa.selenium.remote.HttpCommandExecutor.execute(HttpCommandExecutor.java:136)
at org.openqa.selenium.remote.service.DriverCommandExecutor.execute(DriverCommandExecutor.java:83)
at org.openqa.selenium.remote.RemoteWebDriver.execute(RemoteWebDriver.java:545)
at org.openqa.selenium.remote.RemoteWebDriver.startSession(RemoteWebDriver.java:209)
at org.openqa.selenium.remote.RemoteWebDriver.<init>(RemoteWebDriver.java:132)
at org.openqa.selenium.chrome.ChromeDriver.<init>(ChromeDriver.java:181)
at org.openqa.selenium.chrome.ChromeDriver.<init>(ChromeDriver.java:168)
at org.openqa.selenium.chrome.ChromeDriver.<init>(ChromeDriver.java:123)
at generics.Basetest.OpenBrowser(Basetest.java:28)
... Removed 31 stack frames]]>
    </failure>
  </testcase> <!-- @BeforeClass OpenBrowser -->
  <testcase classname="generics.Basetest" name="@BeforeMethod Logintap" time="0.0">
    <skipped/>
  </testcase> <!-- @BeforeMethod Logintap -->
  <testcase classname="generics.Basetest" name="@AfterMethod logouttap1" time="0.0">
    <skipped/>
  </testcase> <!-- @AfterMethod logouttap1 -->
  <testcase classname="generics.Basetest" name="@AfterClass closebrowser" time="0.0">
    <skipped/>
  </testcase> <!-- @AfterClass closebrowser -->
  <testcase classname="generics.Basetest" name="@BeforeClass OpenBrowser" time="1.476">
    <failure type="org.openqa.selenium.SessionNotCreatedException" message="session not created: This version of ChromeDriver only supports Chrome version 88
Current browser version is 91.0.4472.77 with binary path C:\Program Files\Google\Chrome\Application\chrome.exe
Build info: version: &amp;apos;3.11.0&amp;apos;, revision: &amp;apos;e59cfb3&amp;apos;, time: &amp;apos;2018-03-11T20:33:15.31Z&amp;apos;
System info: host: &amp;apos;DESKTOP-EU5VLQQ&amp;apos;, ip: &amp;apos;192.168.29.73&amp;apos;, os.name: &amp;apos;Windows 10&amp;apos;, os.arch: &amp;apos;amd64&amp;apos;, os.version: &amp;apos;10.0&amp;apos;, java.version: &amp;apos;15.0.2&amp;apos;
Driver info: driver.version: ChromeDriver
remote stacktrace: Backtrace:
	GetHandleVerifier [0x007BB963+483]
	GetHandleVerifier [0x007BB941+449]
	GetHandleVerifier [0x00B63308+3832712]
	GetHandleVerifier [0x00B7D69A+3940122]
	GetHandleVerifier [0x00B79AFB+3924859]
	GetHandleVerifier [0x00B77D9C+3917340]
	GetHandleVerifier [0x00B9E7FE+4075646]
	GetHandleVerifier [0x00B9E56C+4074988]
	GetHandleVerifier [0x00B9B2EB+4062059]
	GetHandleVerifier [0x00B7ED14+3945876]
	GetHandleVerifier [0x00B7FBCE+3949646]
	GetHandleVerifier [0x00B7FB59+3949529]
	Ordinal0 [0x0077B5CC+46540]
	Ordinal0 [0x00779F53+40787]
	Ordinal0 [0x00779B12+39698]
	GetHandleVerifier [0x00A81468+2907368]
	GetHandleVerifier [0x008C71EE+1096302]
	GetHandleVerifier [0x00883E8D+821005]
	GetHandleVerifier [0x0088396B+819691]
	GetHandleVerifier [0x00883881+819457]
	GetHandleVerifier [0x008AF463+998627]
	BaseThreadInitThunk [0x76AEFA29+25]
	RtlGetAppContainerNamedObjectPath [0x77BB7A7E+286]
	RtlGetAppContainerNamedObjectPath [0x77BB7A4E+238]
">
      <![CDATA[org.openqa.selenium.SessionNotCreatedException: session not created: This version of ChromeDriver only supports Chrome version 88
Current browser version is 91.0.4472.77 with binary path C:\Program Files\Google\Chrome\Application\chrome.exe
Build info: version: '3.11.0', revision: 'e59cfb3', time: '2018-03-11T20:33:15.31Z'
System info: host: 'DESKTOP-EU5VLQQ', ip: '192.168.29.73', os.name: 'Windows 10', os.arch: 'amd64', os.version: '10.0', java.version: '15.0.2'
Driver info: driver.version: ChromeDriver
remote stacktrace: Backtrace:
GetHandleVerifier [0x007BB963+483]
GetHandleVerifier [0x007BB941+449]
GetHandleVerifier [0x00B63308+3832712]
GetHandleVerifier [0x00B7D69A+3940122]
GetHandleVerifier [0x00B79AFB+3924859]
GetHandleVerifier [0x00B77D9C+3917340]
GetHandleVerifier [0x00B9E7FE+4075646]
GetHandleVerifier [0x00B9E56C+4074988]
GetHandleVerifier [0x00B9B2EB+4062059]
GetHandleVerifier [0x00B7ED14+3945876]
GetHandleVerifier [0x00B7FBCE+3949646]
GetHandleVerifier [0x00B7FB59+3949529]
Ordinal0 [0x0077B5CC+46540]
Ordinal0 [0x00779F53+40787]
Ordinal0 [0x00779B12+39698]
GetHandleVerifier [0x00A81468+2907368]
GetHandleVerifier [0x008C71EE+1096302]
GetHandleVerifier [0x00883E8D+821005]
GetHandleVerifier [0x0088396B+819691]
GetHandleVerifier [0x00883881+819457]
GetHandleVerifier [0x008AF463+998627]
BaseThreadInitThunk [0x76AEFA29+25]
RtlGetAppContainerNamedObjectPath [0x77BB7A7E+286]
RtlGetAppContainerNamedObjectPath [0x77BB7A4E+238]

at org.openqa.selenium.remote.W3CHandshakeResponse.lambda$new$0(W3CHandshakeResponse.java:57)
at org.openqa.selenium.remote.W3CHandshakeResponse.lambda$getResponseFunction$2(W3CHandshakeResponse.java:104)
at org.openqa.selenium.remote.ProtocolHandshake.lambda$createSession$0(ProtocolHandshake.java:123)
at java.base/java.util.stream.ReferencePipeline$3$1.accept(ReferencePipeline.java:195)
at java.base/java.util.Spliterators$ArraySpliterator.tryAdvance(Spliterators.java:958)
at java.base/java.util.stream.ReferencePipeline.forEachWithCancel(ReferencePipeline.java:127)
at java.base/java.util.stream.AbstractPipeline.copyIntoWithCancel(AbstractPipeline.java:502)
at java.base/java.util.stream.AbstractPipeline.copyInto(AbstractPipeline.java:488)
at java.base/java.util.stream.AbstractPipeline.wrapAndCopyInto(AbstractPipeline.java:474)
at java.base/java.util.stream.FindOps$FindOp.evaluateSequential(FindOps.java:150)
at java.base/java.util.stream.AbstractPipeline.evaluate(AbstractPipeline.java:234)
at java.base/java.util.stream.ReferencePipeline.findFirst(ReferencePipeline.java:543)
at org.openqa.selenium.remote.ProtocolHandshake.createSession(ProtocolHandshake.java:126)
at org.openqa.selenium.remote.ProtocolHandshake.createSession(ProtocolHandshake.java:73)
at org.openqa.selenium.remote.HttpCommandExecutor.execute(HttpCommandExecutor.java:136)
at org.openqa.selenium.remote.service.DriverCommandExecutor.execute(DriverCommandExecutor.java:83)
at org.openqa.selenium.remote.RemoteWebDriver.execute(RemoteWebDriver.java:545)
at org.openqa.selenium.remote.RemoteWebDriver.startSession(RemoteWebDriver.java:209)
at org.openqa.selenium.remote.RemoteWebDriver.<init>(RemoteWebDriver.java:132)
at org.openqa.selenium.chrome.ChromeDriver.<init>(ChromeDriver.java:181)
at org.openqa.selenium.chrome.ChromeDriver.<init>(ChromeDriver.java:168)
at org.openqa.selenium.chrome.ChromeDriver.<init>(ChromeDriver.java:123)
at generics.Basetest.OpenBrowser(Basetest.java:28)
... Removed 31 stack frames]]>
    </failure>
  </testcase> <!-- @BeforeClass OpenBrowser -->
  <testcase classname="generics.Basetest" name="@BeforeMethod Logintap" time="0.0">
    <skipped/>
  </testcase> <!-- @BeforeMethod Logintap -->
  <testcase classname="generics.Basetest" name="@AfterMethod logouttap1" time="0.0">
    <skipped/>
  </testcase> <!-- @AfterMethod logouttap1 -->
  <testcase classname="generics.Basetest" name="@AfterClass closebrowser" time="0.0">
    <skipped/>
  </testcase> <!-- @AfterClass closebrowser -->
  <testcase classname="test.ActiLogPage" name="setting" time="0.0">
    <skipped/>
  </testcase> <!-- setting -->
  <testcase classname="test.Types_ofWork" name="setting" time="0.0">
    <skipped/>
  </testcase> <!-- setting -->
</testsuite> <!-- Test -->
