<!DOCTYPE html PUBLIC "-//W3C//DTD XHTML 1.1//EN" "http://www.w3.org/TR/xhtml11/DTD/xhtml11.dtd">
<html xmlns="http://www.w3.org/1999/xhtml">
<head>
<meta http-equiv="content-type" content="text/html; charset=UTF-8"/>
<title>TestNG Report</title>
<style type="text/css">table {margin-bottom:10px;border-collapse:collapse;empty-cells:show}th,td {border:1px solid #009;padding:.25em .5em}th {vertical-align:bottom}td {vertical-align:top}table a {font-weight:bold}.stripe td {background-color: #E6EBF9}.num {text-align:right}.passedodd td {background-color: #3F3}.passedeven td {background-color: #0A0}.skippedodd td {background-color: #DDD}.skippedeven td {background-color: #CCC}.failedodd td,.attn {background-color: #F33}.failedeven td,.stripe .attn {background-color: #D00}.stacktrace {white-space:pre;font-family:monospace}.totop {font-size:85%;text-align:center;border-bottom:2px solid #000}.invisible {display:none}</style>
</head>
<body>
<table>
<tr><th>Test</th><th># Passed</th><th># Skipped</th><th># Failed</th><th>Time (ms)</th><th>Included Groups</th><th>Excluded Groups</th></tr>
<tr><th colspan="7">Suite</th></tr>
<tr><td><a href="#t0">Test</a></td><td class="num">0</td><td class="num attn">2</td><td class="num">0</td><td class="num">3,956</td><td></td><td></td></tr>
</table>
<table id='summary'><thead><tr><th>Class</th><th>Method</th><th>Start</th><th>Time (ms)</th></tr></thead><tbody><tr><th colspan="4">Suite</th></tr></tbody><tbody id="t0"><tr><th colspan="4">Test &#8212; failed (configuration methods)</th></tr><tr class="failedeven"><td rowspan="1">test.ActiLogPage</td><td><a href="#m0">OpenBrowser</a></td><td rowspan="1">1623348330565</td><td rowspan="1">2409</td></tr><tr class="failedodd"><td rowspan="1">test.Types_ofWork</td><td><a href="#m1">OpenBrowser</a></td><td rowspan="1">1623348333018</td><td rowspan="1">1476</td></tr><tr><th colspan="4">Test &#8212; skipped (configuration methods)</th></tr><tr class="skippedeven"><td rowspan="3">test.ActiLogPage</td><td><a href="#m2">Logintap</a></td><td rowspan="1">1623348332999</td><td rowspan="1">0</td></tr><tr class="skippedeven"><td><a href="#m3">closebrowser</a></td><td rowspan="1">1623348333011</td><td rowspan="1">0</td></tr><tr class="skippedeven"><td><a href="#m4">logouttap1</a></td><td rowspan="1">1623348333008</td><td rowspan="1">0</td></tr><tr class="skippedodd"><td rowspan="3">test.Types_ofWork</td><td><a href="#m5">Logintap</a></td><td rowspan="1">1623348334500</td><td rowspan="1">0</td></tr><tr class="skippedodd"><td><a href="#m6">closebrowser</a></td><td rowspan="1">1623348334511</td><td rowspan="1">0</td></tr><tr class="skippedodd"><td><a href="#m7">logouttap1</a></td><td rowspan="1">1623348334507</td><td rowspan="1">0</td></tr><tr><th colspan="4">Test &#8212; skipped</th></tr><tr class="skippedeven"><td rowspan="1">test.ActiLogPage</td><td><a href="#m8">setting</a></td><td rowspan="1">1623348333003</td><td rowspan="1">0</td></tr><tr class="skippedodd"><td rowspan="1">test.Types_ofWork</td><td><a href="#m9">setting</a></td><td rowspan="1">1623348334504</td><td rowspan="1">0</td></tr></tbody>
</table>
<h2>Test</h2><h3 id="m0">test.ActiLogPage#OpenBrowser</h3><table class="result"><tr><th>Exception</th></tr><tr><td><div class="stacktrace">org.openqa.selenium.SessionNotCreatedException: session not created: This version of ChromeDriver only supports Chrome version 88
Current browser version is 91.0.4472.77 with binary path C:\Program Files\Google\Chrome\Application\chrome.exe
Build info: version: &apos;3.11.0&apos;, revision: &apos;e59cfb3&apos;, time: &apos;2018-03-11T20:33:15.31Z&apos;
System info: host: &apos;DESKTOP-EU5VLQQ&apos;, ip: &apos;192.168.29.73&apos;, os.name: &apos;Windows 10&apos;, os.arch: &apos;amd64&apos;, os.version: &apos;10.0&apos;, java.version: &apos;15.0.2&apos;
Driver info: driver.version: ChromeDriver
remote stacktrace: Backtrace:
	GetHandleVerifier [0x007BB963+483]
	GetHandleVerifier [0x007BB941+449]
	GetHandleVerifier [0x00B63308+3832712]
	GetHandleVerifier [0x00B7D69A+3940122]
	GetHandleVerifier [0x00B79AFB+3924859]
	GetHandleVerifier [0x00B77D9C+3917340]
	GetHandleVerifier [0x00B9E7FE+4075646]
	GetHandleVerifier [0x00B9E56C+4074988]
	GetHandleVerifier [0x00B9B2EB+4062059]
	GetHandleVerifier [0x00B7ED14+3945876]
	GetHandleVerifier [0x00B7FBCE+3949646]
	GetHandleVerifier [0x00B7FB59+3949529]
	Ordinal0 [0x0077B5CC+46540]
	Ordinal0 [0x00779F53+40787]
	Ordinal0 [0x00779B12+39698]
	GetHandleVerifier [0x00A81468+2907368]
	GetHandleVerifier [0x008C71EE+1096302]
	GetHandleVerifier [0x00883E8D+821005]
	GetHandleVerifier [0x0088396B+819691]
	GetHandleVerifier [0x00883881+819457]
	GetHandleVerifier [0x008AF463+998627]
	BaseThreadInitThunk [0x76AEFA29+25]
	RtlGetAppContainerNamedObjectPath [0x77BB7A7E+286]
	RtlGetAppContainerNamedObjectPath [0x77BB7A4E+238]

	at org.openqa.selenium.remote.W3CHandshakeResponse.lambda$new$0(W3CHandshakeResponse.java:57)
	at org.openqa.selenium.remote.W3CHandshakeResponse.lambda$getResponseFunction$2(W3CHandshakeResponse.java:104)
	at org.openqa.selenium.remote.ProtocolHandshake.lambda$createSession$0(ProtocolHandshake.java:123)
	at java.base/java.util.stream.ReferencePipeline$3$1.accept(ReferencePipeline.java:195)
	at java.base/java.util.Spliterators$ArraySpliterator.tryAdvance(Spliterators.java:958)
	at java.base/java.util.stream.ReferencePipeline.forEachWithCancel(ReferencePipeline.java:127)
	at java.base/java.util.stream.AbstractPipeline.copyIntoWithCancel(AbstractPipeline.java:502)
	at java.base/java.util.stream.AbstractPipeline.copyInto(AbstractPipeline.java:488)
	at java.base/java.util.stream.AbstractPipeline.wrapAndCopyInto(AbstractPipeline.java:474)
	at java.base/java.util.stream.FindOps$FindOp.evaluateSequential(FindOps.java:150)
	at java.base/java.util.stream.AbstractPipeline.evaluate(AbstractPipeline.java:234)
	at java.base/java.util.stream.ReferencePipeline.findFirst(ReferencePipeline.java:543)
	at org.openqa.selenium.remote.ProtocolHandshake.createSession(ProtocolHandshake.java:126)
	at org.openqa.selenium.remote.ProtocolHandshake.createSession(ProtocolHandshake.java:73)
	at org.openqa.selenium.remote.HttpCommandExecutor.execute(HttpCommandExecutor.java:136)
	at org.openqa.selenium.remote.service.DriverCommandExecutor.execute(DriverCommandExecutor.java:83)
	at org.openqa.selenium.remote.RemoteWebDriver.execute(RemoteWebDriver.java:545)
	at org.openqa.selenium.remote.RemoteWebDriver.startSession(RemoteWebDriver.java:209)
	at org.openqa.selenium.remote.RemoteWebDriver.&lt;init&gt;(RemoteWebDriver.java:132)
	at org.openqa.selenium.chrome.ChromeDriver.&lt;init&gt;(ChromeDriver.java:181)
	at org.openqa.selenium.chrome.ChromeDriver.&lt;init&gt;(ChromeDriver.java:168)
	at org.openqa.selenium.chrome.ChromeDriver.&lt;init&gt;(ChromeDriver.java:123)
	at generics.Basetest.OpenBrowser(Basetest.java:28)
... Removed 31 stack frames</div></td></tr></table><p class="totop"><a href="#summary">back to summary</a></p>
<h3 id="m1">test.Types_ofWork#OpenBrowser</h3><table class="result"><tr><th>Exception</th></tr><tr><td><div class="stacktrace">org.openqa.selenium.SessionNotCreatedException: session not created: This version of ChromeDriver only supports Chrome version 88
Current browser version is 91.0.4472.77 with binary path C:\Program Files\Google\Chrome\Application\chrome.exe
Build info: version: &apos;3.11.0&apos;, revision: &apos;e59cfb3&apos;, time: &apos;2018-03-11T20:33:15.31Z&apos;
System info: host: &apos;DESKTOP-EU5VLQQ&apos;, ip: &apos;192.168.29.73&apos;, os.name: &apos;Windows 10&apos;, os.arch: &apos;amd64&apos;, os.version: &apos;10.0&apos;, java.version: &apos;15.0.2&apos;
Driver info: driver.version: ChromeDriver
remote stacktrace: Backtrace:
	GetHandleVerifier [0x007BB963+483]
	GetHandleVerifier [0x007BB941+449]
	GetHandleVerifier [0x00B63308+3832712]
	GetHandleVerifier [0x00B7D69A+3940122]
	GetHandleVerifier [0x00B79AFB+3924859]
	GetHandleVerifier [0x00B77D9C+3917340]
	GetHandleVerifier [0x00B9E7FE+4075646]
	GetHandleVerifier [0x00B9E56C+4074988]
	GetHandleVerifier [0x00B9B2EB+4062059]
	GetHandleVerifier [0x00B7ED14+3945876]
	GetHandleVerifier [0x00B7FBCE+3949646]
	GetHandleVerifier [0x00B7FB59+3949529]
	Ordinal0 [0x0077B5CC+46540]
	Ordinal0 [0x00779F53+40787]
	Ordinal0 [0x00779B12+39698]
	GetHandleVerifier [0x00A81468+2907368]
	GetHandleVerifier [0x008C71EE+1096302]
	GetHandleVerifier [0x00883E8D+821005]
	GetHandleVerifier [0x0088396B+819691]
	GetHandleVerifier [0x00883881+819457]
	GetHandleVerifier [0x008AF463+998627]
	BaseThreadInitThunk [0x76AEFA29+25]
	RtlGetAppContainerNamedObjectPath [0x77BB7A7E+286]
	RtlGetAppContainerNamedObjectPath [0x77BB7A4E+238]

	at org.openqa.selenium.remote.W3CHandshakeResponse.lambda$new$0(W3CHandshakeResponse.java:57)
	at org.openqa.selenium.remote.W3CHandshakeResponse.lambda$getResponseFunction$2(W3CHandshakeResponse.java:104)
	at org.openqa.selenium.remote.ProtocolHandshake.lambda$createSession$0(ProtocolHandshake.java:123)
	at java.base/java.util.stream.ReferencePipeline$3$1.accept(ReferencePipeline.java:195)
	at java.base/java.util.Spliterators$ArraySpliterator.tryAdvance(Spliterators.java:958)
	at java.base/java.util.stream.ReferencePipeline.forEachWithCancel(ReferencePipeline.java:127)
	at java.base/java.util.stream.AbstractPipeline.copyIntoWithCancel(AbstractPipeline.java:502)
	at java.base/java.util.stream.AbstractPipeline.copyInto(AbstractPipeline.java:488)
	at java.base/java.util.stream.AbstractPipeline.wrapAndCopyInto(AbstractPipeline.java:474)
	at java.base/java.util.stream.FindOps$FindOp.evaluateSequential(FindOps.java:150)
	at java.base/java.util.stream.AbstractPipeline.evaluate(AbstractPipeline.java:234)
	at java.base/java.util.stream.ReferencePipeline.findFirst(ReferencePipeline.java:543)
	at org.openqa.selenium.remote.ProtocolHandshake.createSession(ProtocolHandshake.java:126)
	at org.openqa.selenium.remote.ProtocolHandshake.createSession(ProtocolHandshake.java:73)
	at org.openqa.selenium.remote.HttpCommandExecutor.execute(HttpCommandExecutor.java:136)
	at org.openqa.selenium.remote.service.DriverCommandExecutor.execute(DriverCommandExecutor.java:83)
	at org.openqa.selenium.remote.RemoteWebDriver.execute(RemoteWebDriver.java:545)
	at org.openqa.selenium.remote.RemoteWebDriver.startSession(RemoteWebDriver.java:209)
	at org.openqa.selenium.remote.RemoteWebDriver.&lt;init&gt;(RemoteWebDriver.java:132)
	at org.openqa.selenium.chrome.ChromeDriver.&lt;init&gt;(ChromeDriver.java:181)
	at org.openqa.selenium.chrome.ChromeDriver.&lt;init&gt;(ChromeDriver.java:168)
	at org.openqa.selenium.chrome.ChromeDriver.&lt;init&gt;(ChromeDriver.java:123)
	at generics.Basetest.OpenBrowser(Basetest.java:28)
... Removed 31 stack frames</div></td></tr></table><p class="totop"><a href="#summary">back to summary</a></p>
<h3 id="m2">test.ActiLogPage#Logintap</h3><table class="result"><tr><th class="invisible"/></tr></table><p class="totop"><a href="#summary">back to summary</a></p>
<h3 id="m3">test.ActiLogPage#closebrowser</h3><table class="result"><tr><th class="invisible"/></tr></table><p class="totop"><a href="#summary">back to summary</a></p>
<h3 id="m4">test.ActiLogPage#logouttap1</h3><table class="result"><tr><th class="invisible"/></tr></table><p class="totop"><a href="#summary">back to summary</a></p>
<h3 id="m5">test.Types_ofWork#Logintap</h3><table class="result"><tr><th class="invisible"/></tr></table><p class="totop"><a href="#summary">back to summary</a></p>
<h3 id="m6">test.Types_ofWork#closebrowser</h3><table class="result"><tr><th class="invisible"/></tr></table><p class="totop"><a href="#summary">back to summary</a></p>
<h3 id="m7">test.Types_ofWork#logouttap1</h3><table class="result"><tr><th class="invisible"/></tr></table><p class="totop"><a href="#summary">back to summary</a></p>
<h3 id="m8">test.ActiLogPage#setting</h3><table class="result"><tr><th>Exception</th></tr><tr><td><div class="stacktrace">org.openqa.selenium.SessionNotCreatedException: session not created: This version of ChromeDriver only supports Chrome version 88
Current browser version is 91.0.4472.77 with binary path C:\Program Files\Google\Chrome\Application\chrome.exe
Build info: version: &apos;3.11.0&apos;, revision: &apos;e59cfb3&apos;, time: &apos;2018-03-11T20:33:15.31Z&apos;
System info: host: &apos;DESKTOP-EU5VLQQ&apos;, ip: &apos;192.168.29.73&apos;, os.name: &apos;Windows 10&apos;, os.arch: &apos;amd64&apos;, os.version: &apos;10.0&apos;, java.version: &apos;15.0.2&apos;
Driver info: driver.version: ChromeDriver
remote stacktrace: Backtrace:
	GetHandleVerifier [0x007BB963+483]
	GetHandleVerifier [0x007BB941+449]
	GetHandleVerifier [0x00B63308+3832712]
	GetHandleVerifier [0x00B7D69A+3940122]
	GetHandleVerifier [0x00B79AFB+3924859]
	GetHandleVerifier [0x00B77D9C+3917340]
	GetHandleVerifier [0x00B9E7FE+4075646]
	GetHandleVerifier [0x00B9E56C+4074988]
	GetHandleVerifier [0x00B9B2EB+4062059]
	GetHandleVerifier [0x00B7ED14+3945876]
	GetHandleVerifier [0x00B7FBCE+3949646]
	GetHandleVerifier [0x00B7FB59+3949529]
	Ordinal0 [0x0077B5CC+46540]
	Ordinal0 [0x00779F53+40787]
	Ordinal0 [0x00779B12+39698]
	GetHandleVerifier [0x00A81468+2907368]
	GetHandleVerifier [0x008C71EE+1096302]
	GetHandleVerifier [0x00883E8D+821005]
	GetHandleVerifier [0x0088396B+819691]
	GetHandleVerifier [0x00883881+819457]
	GetHandleVerifier [0x008AF463+998627]
	BaseThreadInitThunk [0x76AEFA29+25]
	RtlGetAppContainerNamedObjectPath [0x77BB7A7E+286]
	RtlGetAppContainerNamedObjectPath [0x77BB7A4E+238]

	at org.openqa.selenium.remote.W3CHandshakeResponse.lambda$new$0(W3CHandshakeResponse.java:57)
	at org.openqa.selenium.remote.W3CHandshakeResponse.lambda$getResponseFunction$2(W3CHandshakeResponse.java:104)
	at org.openqa.selenium.remote.ProtocolHandshake.lambda$createSession$0(ProtocolHandshake.java:123)
	at java.base/java.util.stream.ReferencePipeline$3$1.accept(ReferencePipeline.java:195)
	at java.base/java.util.Spliterators$ArraySpliterator.tryAdvance(Spliterators.java:958)
	at java.base/java.util.stream.ReferencePipeline.forEachWithCancel(ReferencePipeline.java:127)
	at java.base/java.util.stream.AbstractPipeline.copyIntoWithCancel(AbstractPipeline.java:502)
	at java.base/java.util.stream.AbstractPipeline.copyInto(AbstractPipeline.java:488)
	at java.base/java.util.stream.AbstractPipeline.wrapAndCopyInto(AbstractPipeline.java:474)
	at java.base/java.util.stream.FindOps$FindOp.evaluateSequential(FindOps.java:150)
	at java.base/java.util.stream.AbstractPipeline.evaluate(AbstractPipeline.java:234)
	at java.base/java.util.stream.ReferencePipeline.findFirst(ReferencePipeline.java:543)
	at org.openqa.selenium.remote.ProtocolHandshake.createSession(ProtocolHandshake.java:126)
	at org.openqa.selenium.remote.ProtocolHandshake.createSession(ProtocolHandshake.java:73)
	at org.openqa.selenium.remote.HttpCommandExecutor.execute(HttpCommandExecutor.java:136)
	at org.openqa.selenium.remote.service.DriverCommandExecutor.execute(DriverCommandExecutor.java:83)
	at org.openqa.selenium.remote.RemoteWebDriver.execute(RemoteWebDriver.java:545)
	at org.openqa.selenium.remote.RemoteWebDriver.startSession(RemoteWebDriver.java:209)
	at org.openqa.selenium.remote.RemoteWebDriver.&lt;init&gt;(RemoteWebDriver.java:132)
	at org.openqa.selenium.chrome.ChromeDriver.&lt;init&gt;(ChromeDriver.java:181)
	at org.openqa.selenium.chrome.ChromeDriver.&lt;init&gt;(ChromeDriver.java:168)
	at org.openqa.selenium.chrome.ChromeDriver.&lt;init&gt;(ChromeDriver.java:123)
	at generics.Basetest.OpenBrowser(Basetest.java:28)
... Removed 31 stack frames</div></td></tr></table><p class="totop"><a href="#summary">back to summary</a></p>
<h3 id="m9">test.Types_ofWork#setting</h3><table class="result"><tr><th>Exception</th></tr><tr><td><div class="stacktrace">org.openqa.selenium.SessionNotCreatedException: session not created: This version of ChromeDriver only supports Chrome version 88
Current browser version is 91.0.4472.77 with binary path C:\Program Files\Google\Chrome\Application\chrome.exe
Build info: version: &apos;3.11.0&apos;, revision: &apos;e59cfb3&apos;, time: &apos;2018-03-11T20:33:15.31Z&apos;
System info: host: &apos;DESKTOP-EU5VLQQ&apos;, ip: &apos;192.168.29.73&apos;, os.name: &apos;Windows 10&apos;, os.arch: &apos;amd64&apos;, os.version: &apos;10.0&apos;, java.version: &apos;15.0.2&apos;
Driver info: driver.version: ChromeDriver
remote stacktrace: Backtrace:
	GetHandleVerifier [0x007BB963+483]
	GetHandleVerifier [0x007BB941+449]
	GetHandleVerifier [0x00B63308+3832712]
	GetHandleVerifier [0x00B7D69A+3940122]
	GetHandleVerifier [0x00B79AFB+3924859]
	GetHandleVerifier [0x00B77D9C+3917340]
	GetHandleVerifier [0x00B9E7FE+4075646]
	GetHandleVerifier [0x00B9E56C+4074988]
	GetHandleVerifier [0x00B9B2EB+4062059]
	GetHandleVerifier [0x00B7ED14+3945876]
	GetHandleVerifier [0x00B7FBCE+3949646]
	GetHandleVerifier [0x00B7FB59+3949529]
	Ordinal0 [0x0077B5CC+46540]
	Ordinal0 [0x00779F53+40787]
	Ordinal0 [0x00779B12+39698]
	GetHandleVerifier [0x00A81468+2907368]
	GetHandleVerifier [0x008C71EE+1096302]
	GetHandleVerifier [0x00883E8D+821005]
	GetHandleVerifier [0x0088396B+819691]
	GetHandleVerifier [0x00883881+819457]
	GetHandleVerifier [0x008AF463+998627]
	BaseThreadInitThunk [0x76AEFA29+25]
	RtlGetAppContainerNamedObjectPath [0x77BB7A7E+286]
	RtlGetAppContainerNamedObjectPath [0x77BB7A4E+238]

	at org.openqa.selenium.remote.W3CHandshakeResponse.lambda$new$0(W3CHandshakeResponse.java:57)
	at org.openqa.selenium.remote.W3CHandshakeResponse.lambda$getResponseFunction$2(W3CHandshakeResponse.java:104)
	at org.openqa.selenium.remote.ProtocolHandshake.lambda$createSession$0(ProtocolHandshake.java:123)
	at java.base/java.util.stream.ReferencePipeline$3$1.accept(ReferencePipeline.java:195)
	at java.base/java.util.Spliterators$ArraySpliterator.tryAdvance(Spliterators.java:958)
	at java.base/java.util.stream.ReferencePipeline.forEachWithCancel(ReferencePipeline.java:127)
	at java.base/java.util.stream.AbstractPipeline.copyIntoWithCancel(AbstractPipeline.java:502)
	at java.base/java.util.stream.AbstractPipeline.copyInto(AbstractPipeline.java:488)
	at java.base/java.util.stream.AbstractPipeline.wrapAndCopyInto(AbstractPipeline.java:474)
	at java.base/java.util.stream.FindOps$FindOp.evaluateSequential(FindOps.java:150)
	at java.base/java.util.stream.AbstractPipeline.evaluate(AbstractPipeline.java:234)
	at java.base/java.util.stream.ReferencePipeline.findFirst(ReferencePipeline.java:543)
	at org.openqa.selenium.remote.ProtocolHandshake.createSession(ProtocolHandshake.java:126)
	at org.openqa.selenium.remote.ProtocolHandshake.createSession(ProtocolHandshake.java:73)
	at org.openqa.selenium.remote.HttpCommandExecutor.execute(HttpCommandExecutor.java:136)
	at org.openqa.selenium.remote.service.DriverCommandExecutor.execute(DriverCommandExecutor.java:83)
	at org.openqa.selenium.remote.RemoteWebDriver.execute(RemoteWebDriver.java:545)
	at org.openqa.selenium.remote.RemoteWebDriver.startSession(RemoteWebDriver.java:209)
	at org.openqa.selenium.remote.RemoteWebDriver.&lt;init&gt;(RemoteWebDriver.java:132)
	at org.openqa.selenium.chrome.ChromeDriver.&lt;init&gt;(ChromeDriver.java:181)
	at org.openqa.selenium.chrome.ChromeDriver.&lt;init&gt;(ChromeDriver.java:168)
	at org.openqa.selenium.chrome.ChromeDriver.&lt;init&gt;(ChromeDriver.java:123)
	at generics.Basetest.OpenBrowser(Basetest.java:28)
... Removed 31 stack frames</div></td></tr></table><p class="totop"><a href="#summary">back to summary</a></p>
</body>
</html>
