<?xml version="1.0" encoding="UTF-8"?>
<!-- Generated by org.testng.reporters.JUnitReportReporter -->
<testsuite hostname="DESKTOP-EU5VLQQ" failures="0" tests="2" name="test.ActiLogPage" time="2.409" errors="1" timestamp="10 Jun 2021 18:05:34 GMT" skipped="1">
  <testcase classname="test.ActiLogPage" name="setting" time="0.000">
    <skipped/>
  </testcase> <!-- setting -->
  <testcase classname="test.ActiLogPage" name="OpenBrowser" time="2.409">
    <error message="session not created: This version of ChromeDriver only supports Chrome version 88
Current browser version is 91.0.4472.77 with binary path C:\Program Files\Google\Chrome\Application\chrome.exe
Build info: version: &#039;3.11.0&#039;, revision: &#039;e59cfb3&#039;, time: &#039;2018-03-11T20:33:15.31Z&#039;
System info: host: &#039;DESKTOP-EU5VLQQ&#039;, ip: &#039;192.168.29.73&#039;, os.name: &#039;Windows 10&#039;, os.arch: &#039;amd64&#039;, os.version: &#039;10.0&#039;, java.version: &#039;15.0.2&#039;
Driver info: driver.version: ChromeDriver
remote stacktrace: Backtrace:
	GetHandleVerifier [0x007BB963+483]
	GetHandleVerifier [0x007BB941+449]
	GetHandleVerifier [0x00B63308+3832712]
	GetHandleVerifier [0x00B7D69A+3940122]
	GetHandleVerifier [0x00B79AFB+3924859]
	GetHandleVerifier [0x00B77D9C+3917340]
	GetHandleVerifier [0x00B9E7FE+4075646]
	GetHandleVerifier [0x00B9E56C+4074988]
	GetHandleVerifier [0x00B9B2EB+4062059]
	GetHandleVerifier [0x00B7ED14+3945876]
	GetHandleVerifier [0x00B7FBCE+3949646]
	GetHandleVerifier [0x00B7FB59+3949529]
	Ordinal0 [0x0077B5CC+46540]
	Ordinal0 [0x00779F53+40787]
	Ordinal0 [0x00779B12+39698]
	GetHandleVerifier [0x00A81468+2907368]
	GetHandleVerifier [0x008C71EE+1096302]
	GetHandleVerifier [0x00883E8D+821005]
	GetHandleVerifier [0x0088396B+819691]
	GetHandleVerifier [0x00883881+819457]
	GetHandleVerifier [0x008AF463+998627]
	BaseThreadInitThunk [0x76AEFA29+25]
	RtlGetAppContainerNamedObjectPath [0x77BB7A7E+286]
	RtlGetAppContainerNamedObjectPath [0x77BB7A4E+238]
" type="org.openqa.selenium.SessionNotCreatedException">
      <![CDATA[org.openqa.selenium.SessionNotCreatedException: session not created: This version of ChromeDriver only supports Chrome version 88
Current browser version is 91.0.4472.77 with binary path C:\Program Files\Google\Chrome\Application\chrome.exe
Build info: version: '3.11.0', revision: 'e59cfb3', time: '2018-03-11T20:33:15.31Z'
System info: host: 'DESKTOP-EU5VLQQ', ip: '192.168.29.73', os.name: 'Windows 10', os.arch: 'amd64', os.version: '10.0', java.version: '15.0.2'
Driver info: driver.version: ChromeDriver
remote stacktrace: Backtrace:
GetHandleVerifier [0x007BB963+483]
GetHandleVerifier [0x007BB941+449]
GetHandleVerifier [0x00B63308+3832712]
GetHandleVerifier [0x00B7D69A+3940122]
GetHandleVerifier [0x00B79AFB+3924859]
GetHandleVerifier [0x00B77D9C+3917340]
GetHandleVerifier [0x00B9E7FE+4075646]
GetHandleVerifier [0x00B9E56C+4074988]
GetHandleVerifier [0x00B9B2EB+4062059]
GetHandleVerifier [0x00B7ED14+3945876]
GetHandleVerifier [0x00B7FBCE+3949646]
GetHandleVerifier [0x00B7FB59+3949529]
Ordinal0 [0x0077B5CC+46540]
Ordinal0 [0x00779F53+40787]
Ordinal0 [0x00779B12+39698]
GetHandleVerifier [0x00A81468+2907368]
GetHandleVerifier [0x008C71EE+1096302]
GetHandleVerifier [0x00883E8D+821005]
GetHandleVerifier [0x0088396B+819691]
GetHandleVerifier [0x00883881+819457]
GetHandleVerifier [0x008AF463+998627]
BaseThreadInitThunk [0x76AEFA29+25]
RtlGetAppContainerNamedObjectPath [0x77BB7A7E+286]
RtlGetAppContainerNamedObjectPath [0x77BB7A4E+238]

at java.base/jdk.internal.reflect.NativeConstructorAccessorImpl.newInstance0(Native Method)
at java.base/jdk.internal.reflect.NativeConstructorAccessorImpl.newInstance(NativeConstructorAccessorImpl.java:64)
at java.base/jdk.internal.reflect.DelegatingConstructorAccessorImpl.newInstance(DelegatingConstructorAccessorImpl.java:45)
at java.base/java.lang.reflect.Constructor.newInstanceWithCaller(Constructor.java:500)
at java.base/java.lang.reflect.Constructor.newInstance(Constructor.java:481)
at org.openqa.selenium.remote.W3CHandshakeResponse.lambda$new$0(W3CHandshakeResponse.java:57)
at org.openqa.selenium.remote.W3CHandshakeResponse.lambda$getResponseFunction$2(W3CHandshakeResponse.java:104)
at org.openqa.selenium.remote.ProtocolHandshake.lambda$createSession$0(ProtocolHandshake.java:123)
at java.base/java.util.stream.ReferencePipeline$3$1.accept(ReferencePipeline.java:195)
at java.base/java.util.Spliterators$ArraySpliterator.tryAdvance(Spliterators.java:958)
at java.base/java.util.stream.ReferencePipeline.forEachWithCancel(ReferencePipeline.java:127)
at java.base/java.util.stream.AbstractPipeline.copyIntoWithCancel(AbstractPipeline.java:502)
at java.base/java.util.stream.AbstractPipeline.copyInto(AbstractPipeline.java:488)
at java.base/java.util.stream.AbstractPipeline.wrapAndCopyInto(AbstractPipeline.java:474)
at java.base/java.util.stream.FindOps$FindOp.evaluateSequential(FindOps.java:150)
at java.base/java.util.stream.AbstractPipeline.evaluate(AbstractPipeline.java:234)
at java.base/java.util.stream.ReferencePipeline.findFirst(ReferencePipeline.java:543)
at org.openqa.selenium.remote.ProtocolHandshake.createSession(ProtocolHandshake.java:126)
at org.openqa.selenium.remote.ProtocolHandshake.createSession(ProtocolHandshake.java:73)
at org.openqa.selenium.remote.HttpCommandExecutor.execute(HttpCommandExecutor.java:136)
at org.openqa.selenium.remote.service.DriverCommandExecutor.execute(DriverCommandExecutor.java:83)
at org.openqa.selenium.remote.RemoteWebDriver.execute(RemoteWebDriver.java:545)
at org.openqa.selenium.remote.RemoteWebDriver.startSession(RemoteWebDriver.java:209)
at org.openqa.selenium.remote.RemoteWebDriver.<init>(RemoteWebDriver.java:132)
at org.openqa.selenium.chrome.ChromeDriver.<init>(ChromeDriver.java:181)
at org.openqa.selenium.chrome.ChromeDriver.<init>(ChromeDriver.java:168)
at org.openqa.selenium.chrome.ChromeDriver.<init>(ChromeDriver.java:123)
at generics.Basetest.OpenBrowser(Basetest.java:28)
at java.base/jdk.internal.reflect.NativeMethodAccessorImpl.invoke0(Native Method)
at java.base/jdk.internal.reflect.NativeMethodAccessorImpl.invoke(NativeMethodAccessorImpl.java:64)
at java.base/jdk.internal.reflect.DelegatingMethodAccessorImpl.invoke(DelegatingMethodAccessorImpl.java:43)
at java.base/java.lang.reflect.Method.invoke(Method.java:564)
at org.testng.internal.MethodInvocationHelper.invokeMethod(MethodInvocationHelper.java:124)
at org.testng.internal.MethodInvocationHelper.invokeMethodConsideringTimeout(MethodInvocationHelper.java:59)
at org.testng.internal.Invoker.invokeConfigurationMethod(Invoker.java:458)
at org.testng.internal.Invoker.invokeConfigurations(Invoker.java:222)
at org.testng.internal.Invoker.invokeConfigurations(Invoker.java:142)
at org.testng.internal.TestMethodWorker.invokeBeforeClassMethods(TestMethodWorker.java:168)
at org.testng.internal.TestMethodWorker.run(TestMethodWorker.java:105)
at org.testng.TestRunner.privateRun(TestRunner.java:648)
at org.testng.TestRunner.run(TestRunner.java:505)
at org.testng.SuiteRunner.runTest(SuiteRunner.java:455)
at org.testng.SuiteRunner.runSequentially(SuiteRunner.java:450)
at org.testng.SuiteRunner.privateRun(SuiteRunner.java:415)
at org.testng.SuiteRunner.run(SuiteRunner.java:364)
at org.testng.SuiteRunnerWorker.runSuite(SuiteRunnerWorker.java:52)
at org.testng.SuiteRunnerWorker.run(SuiteRunnerWorker.java:84)
at org.testng.TestNG.runSuitesSequentially(TestNG.java:1208)
at org.testng.TestNG.runSuitesLocally(TestNG.java:1137)
at org.testng.TestNG.runSuites(TestNG.java:1049)
at org.testng.TestNG.run(TestNG.java:1017)
at org.testng.remote.AbstractRemoteTestNG.run(AbstractRemoteTestNG.java:115)
at org.testng.remote.RemoteTestNG.initAndRun(RemoteTestNG.java:251)
at org.testng.remote.RemoteTestNG.main(RemoteTestNG.java:77)
]]>
    </error>
  </testcase> <!-- OpenBrowser -->
</testsuite> <!-- test.ActiLogPage -->
